<?xml version="1.0" encoding="UTF-8"?>
<!-- Generated by org.testng.reporters.JUnitXMLReporter -->
<testsuite ignored="0" hostname="DESKTOP-0I8AHN0" failures="0" tests="3" name="Default test" time="111.585" errors="0" timestamp="2022-09-28T13:09:25 WIB">
  <testcase classname="com.juaracoding.pageobject.TestCheckOut" name="testLogin" time="18.407"/>
  <testcase classname="com.juaracoding.pageobject.TestCheckOut" name="testWishlist" time="9.374"/>
  <testcase classname="com.juaracoding.pageobject.TestCheckOut" name="testWishlist1" time="51.302"/>
</testsuite> <!-- Default test -->
