<?xml version="1.0" encoding="UTF-8"?>
<testng-results ignored="0" total="3" passed="3" failed="0" skipped="0">
  <reporter-output>
  </reporter-output>
  <suite started-at="2022-09-28T13:07:33 WIB" name="Default suite" finished-at="2022-09-28T13:09:25 WIB" duration-ms="111585">
    <groups>
    </groups>
    <test started-at="2022-09-28T13:07:33 WIB" name="Default test" finished-at="2022-09-28T13:09:25 WIB" duration-ms="111585">
      <class name="com.juaracoding.pageobject.TestCheckOut">
        <test-method is-config="true" signature="setUp()[pri:0, instance:com.juaracoding.pageobject.TestCheckOut@42e99e4a]" started-at="2022-09-28T13:07:33 WIB" name="setUp" finished-at="2022-09-28T13:07:51 WIB" duration-ms="17192" status="PASS">
          <reporter-output>
          </reporter-output>
        </test-method> <!-- setUp -->
        <test-method is-config="true" signature="pageObject()[pri:0, instance:com.juaracoding.pageobject.TestCheckOut@42e99e4a]" started-at="2022-09-28T13:07:51 WIB" name="pageObject" finished-at="2022-09-28T13:07:51 WIB" duration-ms="23" status="PASS">
          <reporter-output>
          </reporter-output>
        </test-method> <!-- pageObject -->
        <test-method signature="testLogin()[pri:1, instance:com.juaracoding.pageobject.TestCheckOut@42e99e4a]" started-at="2022-09-28T13:07:51 WIB" name="testLogin" finished-at="2022-09-28T13:08:09 WIB" duration-ms="18407" status="PASS">
          <reporter-output>
          </reporter-output>
        </test-method> <!-- testLogin -->
        <test-method is-config="true" signature="pageObject()[pri:0, instance:com.juaracoding.pageobject.TestCheckOut@42e99e4a]" started-at="2022-09-28T13:08:09 WIB" name="pageObject" finished-at="2022-09-28T13:08:09 WIB" duration-ms="0" status="PASS">
          <reporter-output>
          </reporter-output>
        </test-method> <!-- pageObject -->
        <test-method signature="testWishlist()[pri:2, instance:com.juaracoding.pageobject.TestCheckOut@42e99e4a]" started-at="2022-09-28T13:08:09 WIB" name="testWishlist" finished-at="2022-09-28T13:08:18 WIB" duration-ms="9374" status="PASS">
          <reporter-output>
          </reporter-output>
        </test-method> <!-- testWishlist -->
        <test-method is-config="true" signature="pageObject()[pri:0, instance:com.juaracoding.pageobject.TestCheckOut@42e99e4a]" started-at="2022-09-28T13:08:18 WIB" name="pageObject" finished-at="2022-09-28T13:08:18 WIB" duration-ms="0" status="PASS">
          <reporter-output>
          </reporter-output>
        </test-method> <!-- pageObject -->
        <test-method signature="testWishlist1()[pri:3, instance:com.juaracoding.pageobject.TestCheckOut@42e99e4a]" started-at="2022-09-28T13:08:18 WIB" name="testWishlist1" finished-at="2022-09-28T13:09:10 WIB" duration-ms="51302" status="PASS">
          <reporter-output>
          </reporter-output>
        </test-method> <!-- testWishlist1 -->
        <test-method is-config="true" signature="closeBrowser()[pri:0, instance:com.juaracoding.pageobject.TestCheckOut@42e99e4a]" started-at="2022-09-28T13:09:10 WIB" name="closeBrowser" finished-at="2022-09-28T13:09:25 WIB" duration-ms="15204" status="PASS">
          <reporter-output>
          </reporter-output>
        </test-method> <!-- closeBrowser -->
      </class> <!-- com.juaracoding.pageobject.TestCheckOut -->
    </test> <!-- Default test -->
  </suite> <!-- Default suite -->
</testng-results>
